/!\ FAILSAFE /!\  2009-06-26 09:57:44 -0300
  Status: 500 Internal Server Error
  no such file to load -- sqlite3
    /home/tulios/.gem/ruby/1.9.1/gems/activesupport-2.3.2/lib/active_support/dependencies.rb:156:in `require'
    /home/tulios/.gem/ruby/1.9.1/gems/activesupport-2.3.2/lib/active_support/dependencies.rb:156:in `block in require'
    /home/tulios/.gem/ruby/1.9.1/gems/activesupport-2.3.2/lib/active_support/dependencies.rb:521:in `new_constants_in'
    /home/tulios/.gem/ruby/1.9.1/gems/activesupport-2.3.2/lib/active_support/dependencies.rb:156:in `require'
    /home/tulios/.gem/ruby/1.9.1/gems/activesupport-2.3.2/lib/active_support/core_ext/kernel/requires.rb:7:in `block in require_library_or_gem'
    /home/tulios/.gem/ruby/1.9.1/gems/activesupport-2.3.2/lib/active_support/core_ext/kernel/reporting.rb:11:in `silence_warnings'
    /home/tulios/.gem/ruby/1.9.1/gems/activesupport-2.3.2/lib/active_support/core_ext/kernel/requires.rb:5:in `require_library_or_gem'
    /home/tulios/.gem/ruby/1.9.1/gems/activerecord-2.3.2/lib/active_record/connection_adapters/sqlite3_adapter.rb:10:in `sqlite3_connection'
    /home/tulios/.gem/ruby/1.9.1/gems/activerecord-2.3.2/lib/active_record/connection_adapters/abstract/connection_pool.rb:223:in `new_connection'
    /home/tulios/.gem/ruby/1.9.1/gems/activerecord-2.3.2/lib/active_record/connection_adapters/abstract/connection_pool.rb:245:in `checkout_new_connection'
    /home/tulios/.gem/ruby/1.9.1/gems/activerecord-2.3.2/lib/active_record/connection_adapters/abstract/connection_pool.rb:188:in `block (2 levels) in checkout'
    /home/tulios/.gem/ruby/1.9.1/gems/activerecord-2.3.2/lib/active_record/connection_adapters/abstract/connection_pool.rb:184:in `loop'
    /home/tulios/.gem/ruby/1.9.1/gems/activerecord-2.3.2/lib/active_record/connection_adapters/abstract/connection_pool.rb:184:in `block in checkout'
    /usr/local/lib/ruby/1.9.1/monitor.rb:190:in `mon_synchronize'
    /home/tulios/.gem/ruby/1.9.1/gems/activerecord-2.3.2/lib/active_record/connection_adapters/abstract/connection_pool.rb:183:in `checkout'
    /home/tulios/.gem/ruby/1.9.1/gems/activerecord-2.3.2/lib/active_record/connection_adapters/abstract/connection_pool.rb:98:in `connection'
    /home/tulios/.gem/ruby/1.9.1/gems/activerecord-2.3.2/lib/active_record/connection_adapters/abstract/connection_pool.rb:326:in `retrieve_connection'
    /home/tulios/.gem/ruby/1.9.1/gems/activerecord-2.3.2/lib/active_record/connection_adapters/abstract/connection_specification.rb:123:in `retrieve_connection'
    /home/tulios/.gem/ruby/1.9.1/gems/activerecord-2.3.2/lib/active_record/connection_adapters/abstract/connection_specification.rb:115:in `connection'
    /home/tulios/.gem/ruby/1.9.1/gems/activerecord-2.3.2/lib/active_record/query_cache.rb:9:in `cache'
    /home/tulios/.gem/ruby/1.9.1/gems/activerecord-2.3.2/lib/active_record/query_cache.rb:28:in `call'
    /home/tulios/.gem/ruby/1.9.1/gems/activerecord-2.3.2/lib/active_record/connection_adapters/abstract/connection_pool.rb:361:in `call'
    /home/tulios/.gem/ruby/1.9.1/gems/actionpack-2.3.2/lib/action_controller/vendor/rack-1.0/rack/head.rb:9:in `call'
    /home/tulios/.gem/ruby/1.9.1/gems/actionpack-2.3.2/lib/action_controller/vendor/rack-1.0/rack/methodoverride.rb:24:in `call'
    /home/tulios/.gem/ruby/1.9.1/gems/actionpack-2.3.2/lib/action_controller/params_parser.rb:15:in `call'
    /home/tulios/.gem/ruby/1.9.1/gems/actionpack-2.3.2/lib/action_controller/rewindable_input.rb:25:in `call'
    /home/tulios/.gem/ruby/1.9.1/gems/actionpack-2.3.2/lib/action_controller/session/cookie_store.rb:93:in `call'
    /home/tulios/.gem/ruby/1.9.1/gems/actionpack-2.3.2/lib/action_controller/reloader.rb:9:in `call'
    /home/tulios/.gem/ruby/1.9.1/gems/actionpack-2.3.2/lib/action_controller/failsafe.rb:11:in `call'
    /home/tulios/.gem/ruby/1.9.1/gems/actionpack-2.3.2/lib/action_controller/vendor/rack-1.0/rack/lock.rb:11:in `block in call'
    <internal:prelude>:8:in `synchronize'
    /home/tulios/.gem/ruby/1.9.1/gems/actionpack-2.3.2/lib/action_controller/vendor/rack-1.0/rack/lock.rb:11:in `call'
    /home/tulios/.gem/ruby/1.9.1/gems/actionpack-2.3.2/lib/action_controller/dispatcher.rb:106:in `call'
    /home/tulios/.gem/ruby/1.9.1/gems/rails-2.3.2/lib/rails/rack/static.rb:31:in `call'
    /home/tulios/.gem/ruby/1.9.1/gems/actionpack-2.3.2/lib/action_controller/vendor/rack-1.0/rack/urlmap.rb:46:in `block in call'
    /home/tulios/.gem/ruby/1.9.1/gems/actionpack-2.3.2/lib/action_controller/vendor/rack-1.0/rack/urlmap.rb:40:in `each'
    /home/tulios/.gem/ruby/1.9.1/gems/actionpack-2.3.2/lib/action_controller/vendor/rack-1.0/rack/urlmap.rb:40:in `call'
    /home/tulios/.gem/ruby/1.9.1/gems/rails-2.3.2/lib/rails/rack/log_tailer.rb:17:in `call'
    /home/tulios/.gem/ruby/1.9.1/gems/actionpack-2.3.2/lib/action_controller/vendor/rack-1.0/rack/content_length.rb:13:in `call'
    /home/tulios/.gem/ruby/1.9.1/gems/actionpack-2.3.2/lib/action_controller/vendor/rack-1.0/rack/handler/webrick.rb:46:in `service'
    /usr/local/lib/ruby/1.9.1/webrick/httpserver.rb:111:in `service'
    /usr/local/lib/ruby/1.9.1/webrick/httpserver.rb:70:in `run'
    /usr/local/lib/ruby/1.9.1/webrick/server.rb:183:in `block in start_thread'
/!\ FAILSAFE /!\  2009-06-26 09:57:48 -0300
  Status: 500 Internal Server Error
  no such file to load -- sqlite3
    /home/tulios/.gem/ruby/1.9.1/gems/activesupport-2.3.2/lib/active_support/dependencies.rb:156:in `require'
    /home/tulios/.gem/ruby/1.9.1/gems/activesupport-2.3.2/lib/active_support/dependencies.rb:156:in `block in require'
    /home/tulios/.gem/ruby/1.9.1/gems/activesupport-2.3.2/lib/active_support/dependencies.rb:521:in `new_constants_in'
    /home/tulios/.gem/ruby/1.9.1/gems/activesupport-2.3.2/lib/active_support/dependencies.rb:156:in `require'
    /home/tulios/.gem/ruby/1.9.1/gems/activesupport-2.3.2/lib/active_support/core_ext/kernel/requires.rb:7:in `block in require_library_or_gem'
    /home/tulios/.gem/ruby/1.9.1/gems/activesupport-2.3.2/lib/active_support/core_ext/kernel/reporting.rb:11:in `silence_warnings'
    /home/tulios/.gem/ruby/1.9.1/gems/activesupport-2.3.2/lib/active_support/core_ext/kernel/requires.rb:5:in `require_library_or_gem'
    /home/tulios/.gem/ruby/1.9.1/gems/activerecord-2.3.2/lib/active_record/connection_adapters/sqlite3_adapter.rb:10:in `sqlite3_connection'
    /home/tulios/.gem/ruby/1.9.1/gems/activerecord-2.3.2/lib/active_record/connection_adapters/abstract/connection_pool.rb:223:in `new_connection'
    /home/tulios/.gem/ruby/1.9.1/gems/activerecord-2.3.2/lib/active_record/connection_adapters/abstract/connection_pool.rb:245:in `checkout_new_connection'
    /home/tulios/.gem/ruby/1.9.1/gems/activerecord-2.3.2/lib/active_record/connection_adapters/abstract/connection_pool.rb:188:in `block (2 levels) in checkout'
    /home/tulios/.gem/ruby/1.9.1/gems/activerecord-2.3.2/lib/active_record/connection_adapters/abstract/connection_pool.rb:184:in `loop'
    /home/tulios/.gem/ruby/1.9.1/gems/activerecord-2.3.2/lib/active_record/connection_adapters/abstract/connection_pool.rb:184:in `block in checkout'
    /usr/local/lib/ruby/1.9.1/monitor.rb:190:in `mon_synchronize'
    /home/tulios/.gem/ruby/1.9.1/gems/activerecord-2.3.2/lib/active_record/connection_adapters/abstract/connection_pool.rb:183:in `checkout'
    /home/tulios/.gem/ruby/1.9.1/gems/activerecord-2.3.2/lib/active_record/connection_adapters/abstract/connection_pool.rb:98:in `connection'
    /home/tulios/.gem/ruby/1.9.1/gems/activerecord-2.3.2/lib/active_record/connection_adapters/abstract/connection_pool.rb:326:in `retrieve_connection'
    /home/tulios/.gem/ruby/1.9.1/gems/activerecord-2.3.2/lib/active_record/connection_adapters/abstract/connection_specification.rb:123:in `retrieve_connection'
    /home/tulios/.gem/ruby/1.9.1/gems/activerecord-2.3.2/lib/active_record/connection_adapters/abstract/connection_specification.rb:115:in `connection'
    /home/tulios/.gem/ruby/1.9.1/gems/activerecord-2.3.2/lib/active_record/query_cache.rb:9:in `cache'
    /home/tulios/.gem/ruby/1.9.1/gems/activerecord-2.3.2/lib/active_record/query_cache.rb:28:in `call'
    /home/tulios/.gem/ruby/1.9.1/gems/activerecord-2.3.2/lib/active_record/connection_adapters/abstract/connection_pool.rb:361:in `call'
    /home/tulios/.gem/ruby/1.9.1/gems/actionpack-2.3.2/lib/action_controller/vendor/rack-1.0/rack/head.rb:9:in `call'
    /home/tulios/.gem/ruby/1.9.1/gems/actionpack-2.3.2/lib/action_controller/vendor/rack-1.0/rack/methodoverride.rb:24:in `call'
    /home/tulios/.gem/ruby/1.9.1/gems/actionpack-2.3.2/lib/action_controller/params_parser.rb:15:in `call'
    /home/tulios/.gem/ruby/1.9.1/gems/actionpack-2.3.2/lib/action_controller/rewindable_input.rb:25:in `call'
    /home/tulios/.gem/ruby/1.9.1/gems/actionpack-2.3.2/lib/action_controller/session/cookie_store.rb:93:in `call'
    /home/tulios/.gem/ruby/1.9.1/gems/actionpack-2.3.2/lib/action_controller/reloader.rb:9:in `call'
    /home/tulios/.gem/ruby/1.9.1/gems/actionpack-2.3.2/lib/action_controller/failsafe.rb:11:in `call'
    /home/tulios/.gem/ruby/1.9.1/gems/actionpack-2.3.2/lib/action_controller/vendor/rack-1.0/rack/lock.rb:11:in `block in call'
    <internal:prelude>:8:in `synchronize'
    /home/tulios/.gem/ruby/1.9.1/gems/actionpack-2.3.2/lib/action_controller/vendor/rack-1.0/rack/lock.rb:11:in `call'
    /home/tulios/.gem/ruby/1.9.1/gems/actionpack-2.3.2/lib/action_controller/dispatcher.rb:106:in `call'
    /home/tulios/.gem/ruby/1.9.1/gems/rails-2.3.2/lib/rails/rack/static.rb:31:in `call'
    /home/tulios/.gem/ruby/1.9.1/gems/actionpack-2.3.2/lib/action_controller/vendor/rack-1.0/rack/urlmap.rb:46:in `block in call'
    /home/tulios/.gem/ruby/1.9.1/gems/actionpack-2.3.2/lib/action_controller/vendor/rack-1.0/rack/urlmap.rb:40:in `each'
    /home/tulios/.gem/ruby/1.9.1/gems/actionpack-2.3.2/lib/action_controller/vendor/rack-1.0/rack/urlmap.rb:40:in `call'
    /home/tulios/.gem/ruby/1.9.1/gems/rails-2.3.2/lib/rails/rack/log_tailer.rb:17:in `call'
    /home/tulios/.gem/ruby/1.9.1/gems/actionpack-2.3.2/lib/action_controller/vendor/rack-1.0/rack/content_length.rb:13:in `call'
    /home/tulios/.gem/ruby/1.9.1/gems/actionpack-2.3.2/lib/action_controller/vendor/rack-1.0/rack/handler/webrick.rb:46:in `service'
    /usr/local/lib/ruby/1.9.1/webrick/httpserver.rb:111:in `service'
    /usr/local/lib/ruby/1.9.1/webrick/httpserver.rb:70:in `run'
    /usr/local/lib/ruby/1.9.1/webrick/server.rb:183:in `block in start_thread'
/!\ FAILSAFE /!\  2009-06-26 09:57:58 -0300
  Status: 500 Internal Server Error
  no such file to load -- sqlite3
    /home/tulios/.gem/ruby/1.9.1/gems/activesupport-2.3.2/lib/active_support/dependencies.rb:156:in `require'
    /home/tulios/.gem/ruby/1.9.1/gems/activesupport-2.3.2/lib/active_support/dependencies.rb:156:in `block in require'
    /home/tulios/.gem/ruby/1.9.1/gems/activesupport-2.3.2/lib/active_support/dependencies.rb:521:in `new_constants_in'
    /home/tulios/.gem/ruby/1.9.1/gems/activesupport-2.3.2/lib/active_support/dependencies.rb:156:in `require'
    /home/tulios/.gem/ruby/1.9.1/gems/activesupport-2.3.2/lib/active_support/core_ext/kernel/requires.rb:7:in `block in require_library_or_gem'
    /home/tulios/.gem/ruby/1.9.1/gems/activesupport-2.3.2/lib/active_support/core_ext/kernel/reporting.rb:11:in `silence_warnings'
    /home/tulios/.gem/ruby/1.9.1/gems/activesupport-2.3.2/lib/active_support/core_ext/kernel/requires.rb:5:in `require_library_or_gem'
    /home/tulios/.gem/ruby/1.9.1/gems/activerecord-2.3.2/lib/active_record/connection_adapters/sqlite3_adapter.rb:10:in `sqlite3_connection'
    /home/tulios/.gem/ruby/1.9.1/gems/activerecord-2.3.2/lib/active_record/connection_adapters/abstract/connection_pool.rb:223:in `new_connection'
    /home/tulios/.gem/ruby/1.9.1/gems/activerecord-2.3.2/lib/active_record/connection_adapters/abstract/connection_pool.rb:245:in `checkout_new_connection'
    /home/tulios/.gem/ruby/1.9.1/gems/activerecord-2.3.2/lib/active_record/connection_adapters/abstract/connection_pool.rb:188:in `block (2 levels) in checkout'
    /home/tulios/.gem/ruby/1.9.1/gems/activerecord-2.3.2/lib/active_record/connection_adapters/abstract/connection_pool.rb:184:in `loop'
    /home/tulios/.gem/ruby/1.9.1/gems/activerecord-2.3.2/lib/active_record/connection_adapters/abstract/connection_pool.rb:184:in `block in checkout'
    /usr/local/lib/ruby/1.9.1/monitor.rb:190:in `mon_synchronize'
    /home/tulios/.gem/ruby/1.9.1/gems/activerecord-2.3.2/lib/active_record/connection_adapters/abstract/connection_pool.rb:183:in `checkout'
    /home/tulios/.gem/ruby/1.9.1/gems/activerecord-2.3.2/lib/active_record/connection_adapters/abstract/connection_pool.rb:98:in `connection'
    /home/tulios/.gem/ruby/1.9.1/gems/activerecord-2.3.2/lib/active_record/connection_adapters/abstract/connection_pool.rb:326:in `retrieve_connection'
    /home/tulios/.gem/ruby/1.9.1/gems/activerecord-2.3.2/lib/active_record/connection_adapters/abstract/connection_specification.rb:123:in `retrieve_connection'
    /home/tulios/.gem/ruby/1.9.1/gems/activerecord-2.3.2/lib/active_record/connection_adapters/abstract/connection_specification.rb:115:in `connection'
    /home/tulios/.gem/ruby/1.9.1/gems/activerecord-2.3.2/lib/active_record/query_cache.rb:9:in `cache'
    /home/tulios/.gem/ruby/1.9.1/gems/activerecord-2.3.2/lib/active_record/query_cache.rb:28:in `call'
    /home/tulios/.gem/ruby/1.9.1/gems/activerecord-2.3.2/lib/active_record/connection_adapters/abstract/connection_pool.rb:361:in `call'
    /home/tulios/.gem/ruby/1.9.1/gems/actionpack-2.3.2/lib/action_controller/vendor/rack-1.0/rack/head.rb:9:in `call'
    /home/tulios/.gem/ruby/1.9.1/gems/actionpack-2.3.2/lib/action_controller/vendor/rack-1.0/rack/methodoverride.rb:24:in `call'
    /home/tulios/.gem/ruby/1.9.1/gems/actionpack-2.3.2/lib/action_controller/params_parser.rb:15:in `call'
    /home/tulios/.gem/ruby/1.9.1/gems/actionpack-2.3.2/lib/action_controller/rewindable_input.rb:25:in `call'
    /home/tulios/.gem/ruby/1.9.1/gems/actionpack-2.3.2/lib/action_controller/session/cookie_store.rb:93:in `call'
    /home/tulios/.gem/ruby/1.9.1/gems/actionpack-2.3.2/lib/action_controller/reloader.rb:9:in `call'
    /home/tulios/.gem/ruby/1.9.1/gems/actionpack-2.3.2/lib/action_controller/failsafe.rb:11:in `call'
    /home/tulios/.gem/ruby/1.9.1/gems/actionpack-2.3.2/lib/action_controller/vendor/rack-1.0/rack/lock.rb:11:in `block in call'
    <internal:prelude>:8:in `synchronize'
    /home/tulios/.gem/ruby/1.9.1/gems/actionpack-2.3.2/lib/action_controller/vendor/rack-1.0/rack/lock.rb:11:in `call'
    /home/tulios/.gem/ruby/1.9.1/gems/actionpack-2.3.2/lib/action_controller/dispatcher.rb:106:in `call'
    /home/tulios/.gem/ruby/1.9.1/gems/rails-2.3.2/lib/rails/rack/static.rb:31:in `call'
    /home/tulios/.gem/ruby/1.9.1/gems/actionpack-2.3.2/lib/action_controller/vendor/rack-1.0/rack/urlmap.rb:46:in `block in call'
    /home/tulios/.gem/ruby/1.9.1/gems/actionpack-2.3.2/lib/action_controller/vendor/rack-1.0/rack/urlmap.rb:40:in `each'
    /home/tulios/.gem/ruby/1.9.1/gems/actionpack-2.3.2/lib/action_controller/vendor/rack-1.0/rack/urlmap.rb:40:in `call'
    /home/tulios/.gem/ruby/1.9.1/gems/rails-2.3.2/lib/rails/rack/log_tailer.rb:17:in `call'
    /home/tulios/.gem/ruby/1.9.1/gems/actionpack-2.3.2/lib/action_controller/vendor/rack-1.0/rack/content_length.rb:13:in `call'
    /home/tulios/.gem/ruby/1.9.1/gems/actionpack-2.3.2/lib/action_controller/vendor/rack-1.0/rack/handler/webrick.rb:46:in `service'
    /usr/local/lib/ruby/1.9.1/webrick/httpserver.rb:111:in `service'
    /usr/local/lib/ruby/1.9.1/webrick/httpserver.rb:70:in `run'
    /usr/local/lib/ruby/1.9.1/webrick/server.rb:183:in `block in start_thread'
/!\ FAILSAFE /!\  2009-06-26 09:58:40 -0300
  Status: 500 Internal Server Error
  no such file to load -- sqlite3
    /home/tulios/.gem/ruby/1.9.1/gems/activesupport-2.3.2/lib/active_support/dependencies.rb:156:in `require'
    /home/tulios/.gem/ruby/1.9.1/gems/activesupport-2.3.2/lib/active_support/dependencies.rb:156:in `block in require'
    /home/tulios/.gem/ruby/1.9.1/gems/activesupport-2.3.2/lib/active_support/dependencies.rb:521:in `new_constants_in'
    /home/tulios/.gem/ruby/1.9.1/gems/activesupport-2.3.2/lib/active_support/dependencies.rb:156:in `require'
    /home/tulios/.gem/ruby/1.9.1/gems/activesupport-2.3.2/lib/active_support/core_ext/kernel/requires.rb:7:in `block in require_library_or_gem'
    /home/tulios/.gem/ruby/1.9.1/gems/activesupport-2.3.2/lib/active_support/core_ext/kernel/reporting.rb:11:in `silence_warnings'
    /home/tulios/.gem/ruby/1.9.1/gems/activesupport-2.3.2/lib/active_support/core_ext/kernel/requires.rb:5:in `require_library_or_gem'
    /home/tulios/.gem/ruby/1.9.1/gems/activerecord-2.3.2/lib/active_record/connection_adapters/sqlite3_adapter.rb:10:in `sqlite3_connection'
    /home/tulios/.gem/ruby/1.9.1/gems/activerecord-2.3.2/lib/active_record/connection_adapters/abstract/connection_pool.rb:223:in `new_connection'
    /home/tulios/.gem/ruby/1.9.1/gems/activerecord-2.3.2/lib/active_record/connection_adapters/abstract/connection_pool.rb:245:in `checkout_new_connection'
    /home/tulios/.gem/ruby/1.9.1/gems/activerecord-2.3.2/lib/active_record/connection_adapters/abstract/connection_pool.rb:188:in `block (2 levels) in checkout'
    /home/tulios/.gem/ruby/1.9.1/gems/activerecord-2.3.2/lib/active_record/connection_adapters/abstract/connection_pool.rb:184:in `loop'
    /home/tulios/.gem/ruby/1.9.1/gems/activerecord-2.3.2/lib/active_record/connection_adapters/abstract/connection_pool.rb:184:in `block in checkout'
    /usr/local/lib/ruby/1.9.1/monitor.rb:190:in `mon_synchronize'
    /home/tulios/.gem/ruby/1.9.1/gems/activerecord-2.3.2/lib/active_record/connection_adapters/abstract/connection_pool.rb:183:in `checkout'
    /home/tulios/.gem/ruby/1.9.1/gems/activerecord-2.3.2/lib/active_record/connection_adapters/abstract/connection_pool.rb:98:in `connection'
    /home/tulios/.gem/ruby/1.9.1/gems/activerecord-2.3.2/lib/active_record/connection_adapters/abstract/connection_pool.rb:326:in `retrieve_connection'
    /home/tulios/.gem/ruby/1.9.1/gems/activerecord-2.3.2/lib/active_record/connection_adapters/abstract/connection_specification.rb:123:in `retrieve_connection'
    /home/tulios/.gem/ruby/1.9.1/gems/activerecord-2.3.2/lib/active_record/connection_adapters/abstract/connection_specification.rb:115:in `connection'
    /home/tulios/.gem/ruby/1.9.1/gems/activerecord-2.3.2/lib/active_record/query_cache.rb:9:in `cache'
    /home/tulios/.gem/ruby/1.9.1/gems/activerecord-2.3.2/lib/active_record/query_cache.rb:28:in `call'
    /home/tulios/.gem/ruby/1.9.1/gems/activerecord-2.3.2/lib/active_record/connection_adapters/abstract/connection_pool.rb:361:in `call'
    /home/tulios/.gem/ruby/1.9.1/gems/actionpack-2.3.2/lib/action_controller/vendor/rack-1.0/rack/head.rb:9:in `call'
    /home/tulios/.gem/ruby/1.9.1/gems/actionpack-2.3.2/lib/action_controller/vendor/rack-1.0/rack/methodoverride.rb:24:in `call'
    /home/tulios/.gem/ruby/1.9.1/gems/actionpack-2.3.2/lib/action_controller/params_parser.rb:15:in `call'
    /home/tulios/.gem/ruby/1.9.1/gems/actionpack-2.3.2/lib/action_controller/rewindable_input.rb:25:in `call'
    /home/tulios/.gem/ruby/1.9.1/gems/actionpack-2.3.2/lib/action_controller/session/cookie_store.rb:93:in `call'
    /home/tulios/.gem/ruby/1.9.1/gems/actionpack-2.3.2/lib/action_controller/reloader.rb:9:in `call'
    /home/tulios/.gem/ruby/1.9.1/gems/actionpack-2.3.2/lib/action_controller/failsafe.rb:11:in `call'
    /home/tulios/.gem/ruby/1.9.1/gems/actionpack-2.3.2/lib/action_controller/vendor/rack-1.0/rack/lock.rb:11:in `block in call'
    <internal:prelude>:8:in `synchronize'
    /home/tulios/.gem/ruby/1.9.1/gems/actionpack-2.3.2/lib/action_controller/vendor/rack-1.0/rack/lock.rb:11:in `call'
    /home/tulios/.gem/ruby/1.9.1/gems/actionpack-2.3.2/lib/action_controller/dispatcher.rb:106:in `call'
    /home/tulios/.gem/ruby/1.9.1/gems/rails-2.3.2/lib/rails/rack/static.rb:31:in `call'
    /home/tulios/.gem/ruby/1.9.1/gems/actionpack-2.3.2/lib/action_controller/vendor/rack-1.0/rack/urlmap.rb:46:in `block in call'
    /home/tulios/.gem/ruby/1.9.1/gems/actionpack-2.3.2/lib/action_controller/vendor/rack-1.0/rack/urlmap.rb:40:in `each'
    /home/tulios/.gem/ruby/1.9.1/gems/actionpack-2.3.2/lib/action_controller/vendor/rack-1.0/rack/urlmap.rb:40:in `call'
    /home/tulios/.gem/ruby/1.9.1/gems/rails-2.3.2/lib/rails/rack/log_tailer.rb:17:in `call'
    /home/tulios/.gem/ruby/1.9.1/gems/actionpack-2.3.2/lib/action_controller/vendor/rack-1.0/rack/content_length.rb:13:in `call'
    /home/tulios/.gem/ruby/1.9.1/gems/actionpack-2.3.2/lib/action_controller/vendor/rack-1.0/rack/handler/webrick.rb:46:in `service'
    /usr/local/lib/ruby/1.9.1/webrick/httpserver.rb:111:in `service'
    /usr/local/lib/ruby/1.9.1/webrick/httpserver.rb:70:in `run'
    /usr/local/lib/ruby/1.9.1/webrick/server.rb:183:in `block in start_thread'
/!\ FAILSAFE /!\  2009-06-26 09:58:46 -0300
  Status: 500 Internal Server Error
  no such file to load -- sqlite3
    /home/tulios/.gem/ruby/1.9.1/gems/activesupport-2.3.2/lib/active_support/dependencies.rb:156:in `require'
    /home/tulios/.gem/ruby/1.9.1/gems/activesupport-2.3.2/lib/active_support/dependencies.rb:156:in `block in require'
    /home/tulios/.gem/ruby/1.9.1/gems/activesupport-2.3.2/lib/active_support/dependencies.rb:521:in `new_constants_in'
    /home/tulios/.gem/ruby/1.9.1/gems/activesupport-2.3.2/lib/active_support/dependencies.rb:156:in `require'
    /home/tulios/.gem/ruby/1.9.1/gems/activesupport-2.3.2/lib/active_support/core_ext/kernel/requires.rb:7:in `block in require_library_or_gem'
    /home/tulios/.gem/ruby/1.9.1/gems/activesupport-2.3.2/lib/active_support/core_ext/kernel/reporting.rb:11:in `silence_warnings'
    /home/tulios/.gem/ruby/1.9.1/gems/activesupport-2.3.2/lib/active_support/core_ext/kernel/requires.rb:5:in `require_library_or_gem'
    /home/tulios/.gem/ruby/1.9.1/gems/activerecord-2.3.2/lib/active_record/connection_adapters/sqlite3_adapter.rb:10:in `sqlite3_connection'
    /home/tulios/.gem/ruby/1.9.1/gems/activerecord-2.3.2/lib/active_record/connection_adapters/abstract/connection_pool.rb:223:in `new_connection'
    /home/tulios/.gem/ruby/1.9.1/gems/activerecord-2.3.2/lib/active_record/connection_adapters/abstract/connection_pool.rb:245:in `checkout_new_connection'
    /home/tulios/.gem/ruby/1.9.1/gems/activerecord-2.3.2/lib/active_record/connection_adapters/abstract/connection_pool.rb:188:in `block (2 levels) in checkout'
    /home/tulios/.gem/ruby/1.9.1/gems/activerecord-2.3.2/lib/active_record/connection_adapters/abstract/connection_pool.rb:184:in `loop'
    /home/tulios/.gem/ruby/1.9.1/gems/activerecord-2.3.2/lib/active_record/connection_adapters/abstract/connection_pool.rb:184:in `block in checkout'
    /usr/local/lib/ruby/1.9.1/monitor.rb:190:in `mon_synchronize'
    /home/tulios/.gem/ruby/1.9.1/gems/activerecord-2.3.2/lib/active_record/connection_adapters/abstract/connection_pool.rb:183:in `checkout'
    /home/tulios/.gem/ruby/1.9.1/gems/activerecord-2.3.2/lib/active_record/connection_adapters/abstract/connection_pool.rb:98:in `connection'
    /home/tulios/.gem/ruby/1.9.1/gems/activerecord-2.3.2/lib/active_record/connection_adapters/abstract/connection_pool.rb:326:in `retrieve_connection'
    /home/tulios/.gem/ruby/1.9.1/gems/activerecord-2.3.2/lib/active_record/connection_adapters/abstract/connection_specification.rb:123:in `retrieve_connection'
    /home/tulios/.gem/ruby/1.9.1/gems/activerecord-2.3.2/lib/active_record/connection_adapters/abstract/connection_specification.rb:115:in `connection'
    /home/tulios/.gem/ruby/1.9.1/gems/activerecord-2.3.2/lib/active_record/query_cache.rb:9:in `cache'
    /home/tulios/.gem/ruby/1.9.1/gems/activerecord-2.3.2/lib/active_record/query_cache.rb:28:in `call'
    /home/tulios/.gem/ruby/1.9.1/gems/activerecord-2.3.2/lib/active_record/connection_adapters/abstract/connection_pool.rb:361:in `call'
    /home/tulios/.gem/ruby/1.9.1/gems/actionpack-2.3.2/lib/action_controller/vendor/rack-1.0/rack/head.rb:9:in `call'
    /home/tulios/.gem/ruby/1.9.1/gems/actionpack-2.3.2/lib/action_controller/vendor/rack-1.0/rack/methodoverride.rb:24:in `call'
    /home/tulios/.gem/ruby/1.9.1/gems/actionpack-2.3.2/lib/action_controller/params_parser.rb:15:in `call'
    /home/tulios/.gem/ruby/1.9.1/gems/actionpack-2.3.2/lib/action_controller/rewindable_input.rb:25:in `call'
    /home/tulios/.gem/ruby/1.9.1/gems/actionpack-2.3.2/lib/action_controller/session/cookie_store.rb:93:in `call'
    /home/tulios/.gem/ruby/1.9.1/gems/actionpack-2.3.2/lib/action_controller/reloader.rb:9:in `call'
    /home/tulios/.gem/ruby/1.9.1/gems/actionpack-2.3.2/lib/action_controller/failsafe.rb:11:in `call'
    /home/tulios/.gem/ruby/1.9.1/gems/actionpack-2.3.2/lib/action_controller/vendor/rack-1.0/rack/lock.rb:11:in `block in call'
    <internal:prelude>:8:in `synchronize'
    /home/tulios/.gem/ruby/1.9.1/gems/actionpack-2.3.2/lib/action_controller/vendor/rack-1.0/rack/lock.rb:11:in `call'
    /home/tulios/.gem/ruby/1.9.1/gems/actionpack-2.3.2/lib/action_controller/dispatcher.rb:106:in `call'
    /home/tulios/.gem/ruby/1.9.1/gems/rails-2.3.2/lib/rails/rack/static.rb:31:in `call'
    /home/tulios/.gem/ruby/1.9.1/gems/actionpack-2.3.2/lib/action_controller/vendor/rack-1.0/rack/urlmap.rb:46:in `block in call'
    /home/tulios/.gem/ruby/1.9.1/gems/actionpack-2.3.2/lib/action_controller/vendor/rack-1.0/rack/urlmap.rb:40:in `each'
    /home/tulios/.gem/ruby/1.9.1/gems/actionpack-2.3.2/lib/action_controller/vendor/rack-1.0/rack/urlmap.rb:40:in `call'
    /home/tulios/.gem/ruby/1.9.1/gems/rails-2.3.2/lib/rails/rack/log_tailer.rb:17:in `call'
    /home/tulios/.gem/ruby/1.9.1/gems/actionpack-2.3.2/lib/action_controller/vendor/rack-1.0/rack/content_length.rb:13:in `call'
    /home/tulios/.gem/ruby/1.9.1/gems/actionpack-2.3.2/lib/action_controller/vendor/rack-1.0/rack/handler/webrick.rb:46:in `service'
    /usr/local/lib/ruby/1.9.1/webrick/httpserver.rb:111:in `service'
    /usr/local/lib/ruby/1.9.1/webrick/httpserver.rb:70:in `run'
    /usr/local/lib/ruby/1.9.1/webrick/server.rb:183:in `block in start_thread'
/!\ FAILSAFE /!\  2009-06-26 09:58:52 -0300
  Status: 500 Internal Server Error
  no such file to load -- sqlite3
    /home/tulios/.gem/ruby/1.9.1/gems/activesupport-2.3.2/lib/active_support/dependencies.rb:156:in `require'
    /home/tulios/.gem/ruby/1.9.1/gems/activesupport-2.3.2/lib/active_support/dependencies.rb:156:in `block in require'
    /home/tulios/.gem/ruby/1.9.1/gems/activesupport-2.3.2/lib/active_support/dependencies.rb:521:in `new_constants_in'
    /home/tulios/.gem/ruby/1.9.1/gems/activesupport-2.3.2/lib/active_support/dependencies.rb:156:in `require'
    /home/tulios/.gem/ruby/1.9.1/gems/activesupport-2.3.2/lib/active_support/core_ext/kernel/requires.rb:7:in `block in require_library_or_gem'
    /home/tulios/.gem/ruby/1.9.1/gems/activesupport-2.3.2/lib/active_support/core_ext/kernel/reporting.rb:11:in `silence_warnings'
    /home/tulios/.gem/ruby/1.9.1/gems/activesupport-2.3.2/lib/active_support/core_ext/kernel/requires.rb:5:in `require_library_or_gem'
    /home/tulios/.gem/ruby/1.9.1/gems/activerecord-2.3.2/lib/active_record/connection_adapters/sqlite3_adapter.rb:10:in `sqlite3_connection'
    /home/tulios/.gem/ruby/1.9.1/gems/activerecord-2.3.2/lib/active_record/connection_adapters/abstract/connection_pool.rb:223:in `new_connection'
    /home/tulios/.gem/ruby/1.9.1/gems/activerecord-2.3.2/lib/active_record/connection_adapters/abstract/connection_pool.rb:245:in `checkout_new_connection'
    /home/tulios/.gem/ruby/1.9.1/gems/activerecord-2.3.2/lib/active_record/connection_adapters/abstract/connection_pool.rb:188:in `block (2 levels) in checkout'
    /home/tulios/.gem/ruby/1.9.1/gems/activerecord-2.3.2/lib/active_record/connection_adapters/abstract/connection_pool.rb:184:in `loop'
    /home/tulios/.gem/ruby/1.9.1/gems/activerecord-2.3.2/lib/active_record/connection_adapters/abstract/connection_pool.rb:184:in `block in checkout'
    /usr/local/lib/ruby/1.9.1/monitor.rb:190:in `mon_synchronize'
    /home/tulios/.gem/ruby/1.9.1/gems/activerecord-2.3.2/lib/active_record/connection_adapters/abstract/connection_pool.rb:183:in `checkout'
    /home/tulios/.gem/ruby/1.9.1/gems/activerecord-2.3.2/lib/active_record/connection_adapters/abstract/connection_pool.rb:98:in `connection'
    /home/tulios/.gem/ruby/1.9.1/gems/activerecord-2.3.2/lib/active_record/connection_adapters/abstract/connection_pool.rb:326:in `retrieve_connection'
    /home/tulios/.gem/ruby/1.9.1/gems/activerecord-2.3.2/lib/active_record/connection_adapters/abstract/connection_specification.rb:123:in `retrieve_connection'
    /home/tulios/.gem/ruby/1.9.1/gems/activerecord-2.3.2/lib/active_record/connection_adapters/abstract/connection_specification.rb:115:in `connection'
    /home/tulios/.gem/ruby/1.9.1/gems/activerecord-2.3.2/lib/active_record/query_cache.rb:9:in `cache'
    /home/tulios/.gem/ruby/1.9.1/gems/activerecord-2.3.2/lib/active_record/query_cache.rb:28:in `call'
    /home/tulios/.gem/ruby/1.9.1/gems/activerecord-2.3.2/lib/active_record/connection_adapters/abstract/connection_pool.rb:361:in `call'
    /home/tulios/.gem/ruby/1.9.1/gems/actionpack-2.3.2/lib/action_controller/vendor/rack-1.0/rack/head.rb:9:in `call'
    /home/tulios/.gem/ruby/1.9.1/gems/actionpack-2.3.2/lib/action_controller/vendor/rack-1.0/rack/methodoverride.rb:24:in `call'
    /home/tulios/.gem/ruby/1.9.1/gems/actionpack-2.3.2/lib/action_controller/params_parser.rb:15:in `call'
    /home/tulios/.gem/ruby/1.9.1/gems/actionpack-2.3.2/lib/action_controller/rewindable_input.rb:25:in `call'
    /home/tulios/.gem/ruby/1.9.1/gems/actionpack-2.3.2/lib/action_controller/session/cookie_store.rb:93:in `call'
    /home/tulios/.gem/ruby/1.9.1/gems/actionpack-2.3.2/lib/action_controller/reloader.rb:9:in `call'
    /home/tulios/.gem/ruby/1.9.1/gems/actionpack-2.3.2/lib/action_controller/failsafe.rb:11:in `call'
    /home/tulios/.gem/ruby/1.9.1/gems/actionpack-2.3.2/lib/action_controller/vendor/rack-1.0/rack/lock.rb:11:in `block in call'
    <internal:prelude>:8:in `synchronize'
    /home/tulios/.gem/ruby/1.9.1/gems/actionpack-2.3.2/lib/action_controller/vendor/rack-1.0/rack/lock.rb:11:in `call'
    /home/tulios/.gem/ruby/1.9.1/gems/actionpack-2.3.2/lib/action_controller/dispatcher.rb:106:in `call'
    /home/tulios/.gem/ruby/1.9.1/gems/rails-2.3.2/lib/rails/rack/static.rb:31:in `call'
    /home/tulios/.gem/ruby/1.9.1/gems/actionpack-2.3.2/lib/action_controller/vendor/rack-1.0/rack/urlmap.rb:46:in `block in call'
    /home/tulios/.gem/ruby/1.9.1/gems/actionpack-2.3.2/lib/action_controller/vendor/rack-1.0/rack/urlmap.rb:40:in `each'
    /home/tulios/.gem/ruby/1.9.1/gems/actionpack-2.3.2/lib/action_controller/vendor/rack-1.0/rack/urlmap.rb:40:in `call'
    /home/tulios/.gem/ruby/1.9.1/gems/rails-2.3.2/lib/rails/rack/log_tailer.rb:17:in `call'
    /home/tulios/.gem/ruby/1.9.1/gems/actionpack-2.3.2/lib/action_controller/vendor/rack-1.0/rack/content_length.rb:13:in `call'
    /home/tulios/.gem/ruby/1.9.1/gems/actionpack-2.3.2/lib/action_controller/vendor/rack-1.0/rack/handler/webrick.rb:46:in `service'
    /usr/local/lib/ruby/1.9.1/webrick/httpserver.rb:111:in `service'
    /usr/local/lib/ruby/1.9.1/webrick/httpserver.rb:70:in `run'
    /usr/local/lib/ruby/1.9.1/webrick/server.rb:183:in `block in start_thread'
  [4;36;1mSQL (0.1ms)[0m   [0;1mSET client_min_messages TO 'panic'[0m
  [4;35;1mSQL (0.1ms)[0m   [0mSET client_min_messages TO 'notice'[0m
  [4;36;1mSQL (110.9ms)[0m   [0;1mCREATE TABLE "schema_migrations" ("version" character varying(255) NOT NULL) [0m
  [4;35;1mSQL (93.5ms)[0m   [0mCREATE UNIQUE INDEX "unique_schema_migrations" ON "schema_migrations" ("version")[0m
  [4;36;1mSQL (0.4ms)[0m   [0;1mSELECT version FROM schema_migrations[0m
Migrating to CreateTouristSights (20090626125722)
  [4;35;1mSQL (0.1ms)[0m   [0mBEGIN[0m
  [4;36;1mSQL (292.6ms)[0m   [0;1mCREATE TABLE "tourist_sights" ("id" serial primary key, "name" character varying(255), "address" character varying(255), "description" character varying(255), "created_at" timestamp, "updated_at" timestamp) [0m
  [4;35;1mSQL (0.6ms)[0m   [0mINSERT INTO schema_migrations (version) VALUES ('20090626125722')[0m
  [4;36;1mSQL (1.7ms)[0m   [0;1mCOMMIT[0m
  [4;35;1mSQL (0.3ms)[0m   [0mSELECT version FROM schema_migrations[0m
